<?xml version="1.0" encoding="UTF-8"?>
<!-- Generated by org.testng.reporters.JUnitReportReporter -->
<testsuite skipped="0" hostname="LAPTOP-PUIMKQ0Q" name="tests.Test01" tests="1" failures="0" timestamp="28 Nov 2019 17:36:54 GMT" time="2.800" errors="0">
  <testcase name="GucciBagsTest" time="2.800" classname="tests.Test01"/>
</testsuite> <!-- tests.Test01 -->
