<?xml version="1.0" encoding="UTF-8"?>
<!-- Generated by org.testng.reporters.JUnitReportReporter -->
<testsuite skipped="0" hostname="LAPTOP-PUIMKQ0Q" name="Test.Test2" tests="1" failures="0" timestamp="27 Nov 2019 20:15:35 GMT" time="10.191" errors="0">
  <testcase name="Setup" time="10.191" classname="Test.Test2"/>
</testsuite> <!-- Test.Test2 -->
